[58209430ms] [ERROR] A tree hydrated but some attributes of the server rendered HTML didn't match the client properties. This won't be patched up. This can happen if a SSR-ed Client Component used:

- A server/client branch `if (typeof window !== 'undefined')`.
- Variable input such as `Date.now()` or `Math.random()` which changes each time it's called.
- Date formatting in a user's locale which doesn't match the server.
- External changing data without sending a snapshot of it along with the HTML.
- Invalid HTML tag nesting.

It can also happen if the client has a browser extension installed which messes with the HTML before React loaded.

%s%s https://react.dev/link/hydration-mismatch 

  ...
    <MenuProvider scope={{Menu:[...], ...}} open={false} onOpenChange={function useCallbackRef.useMemo} content={null} ...>
      <MenuProvider scope={{Menu:[...], ...}} onClose={function Menu.useCallback} isUsingKeyboardRef={{current:false}} ...>
        <DropdownMenuTrigger asChild={true}>
          <DropdownMenuTrigger data-slot="dropdown-m..." asChild={true}>
            <MenuAnchor asChild={true} __scopeMenu={{Menu:[...], ...}}>
              <PopperAnchor __scopePopper={{Menu:[...], ...}} asChild={true} ref={null}>
                <Primitive.div asChild={true} ref={function}>
                  <Primitive.div.Slot ref={function}>
                    <Primitive.div.SlotClone ref={function}>
                      <Primitive.button type="button" id="radix-_R_j..." aria-haspopup="menu" aria-expanded={false} ...>
                        <Primitive.button.Slot type="button" id="radix-_R_j..." aria-haspopup="menu" ...>
                          <Primitive.button.SlotClone type="button" id="radix-_R_j..." aria-haspopup="menu" ...>
                            <button
                              type="button"
                              className="mt-2 flex w-full items-center gap-3 rounded-lg p-2 text-left hover:bg-accent ..."
+                             id="radix-_R_jilritmlb_"
-                             id="radix-_R_2eclritmlb_"
                              aria-haspopup="menu"
                              aria-expanded={false}
                              aria-controls={undefined}
                              data-state="closed"
                              data-disabled={undefined}
                              disabled={false}
                              data-slot="dropdown-menu-trigger"
                              onPointerDown={function handleEvent}
                              onKeyDown={function handleEvent}
                              ref={function}
                            >
        ...
 @ http://localhost:3000/_next/static/chunks/node_modules_next_dist_f3530cac._.js:3127
[64569567ms] [ERROR] A tree hydrated but some attributes of the server rendered HTML didn't match the client properties. This won't be patched up. This can happen if a SSR-ed Client Component used:

- A server/client branch `if (typeof window !== 'undefined')`.
- Variable input such as `Date.now()` or `Math.random()` which changes each time it's called.
- Date formatting in a user's locale which doesn't match the server.
- External changing data without sending a snapshot of it along with the HTML.
- Invalid HTML tag nesting.

It can also happen if the client has a browser extension installed which messes with the HTML before React loaded.

%s%s https://react.dev/link/hydration-mismatch 

  ...
    <MenuProvider scope={{Menu:[...], ...}} open={false} onOpenChange={function useCallbackRef.useMemo} content={null} ...>
      <MenuProvider scope={{Menu:[...], ...}} onClose={function Menu.useCallback} isUsingKeyboardRef={{current:false}} ...>
        <DropdownMenuTrigger asChild={true}>
          <DropdownMenuTrigger data-slot="dropdown-m..." asChild={true}>
            <MenuAnchor asChild={true} __scopeMenu={{Menu:[...], ...}}>
              <PopperAnchor __scopePopper={{Menu:[...], ...}} asChild={true} ref={null}>
                <Primitive.div asChild={true} ref={function}>
                  <Primitive.div.Slot ref={function}>
                    <Primitive.div.SlotClone ref={function}>
                      <Primitive.button type="button" id="radix-_R_j..." aria-haspopup="menu" aria-expanded={false} ...>
                        <Primitive.button.Slot type="button" id="radix-_R_j..." aria-haspopup="menu" ...>
                          <Primitive.button.SlotClone type="button" id="radix-_R_j..." aria-haspopup="menu" ...>
                            <button
                              type="button"
                              className="mt-2 flex w-full items-center gap-3 rounded-lg p-2 text-left hover:bg-accent ..."
+                             id="radix-_R_jilritmlb_"
-                             id="radix-_R_2eclritmlb_"
                              aria-haspopup="menu"
                              aria-expanded={false}
                              aria-controls={undefined}
                              data-state="closed"
                              data-disabled={undefined}
                              disabled={false}
                              data-slot="dropdown-menu-trigger"
                              onPointerDown={function handleEvent}
                              onKeyDown={function handleEvent}
                              ref={function}
                            >
        ...
 @ http://localhost:3000/_next/static/chunks/node_modules_next_dist_f3530cac._.js:3127
[80666697ms] [ERROR] A tree hydrated but some attributes of the server rendered HTML didn't match the client properties. This won't be patched up. This can happen if a SSR-ed Client Component used:

- A server/client branch `if (typeof window !== 'undefined')`.
- Variable input such as `Date.now()` or `Math.random()` which changes each time it's called.
- Date formatting in a user's locale which doesn't match the server.
- External changing data without sending a snapshot of it along with the HTML.
- Invalid HTML tag nesting.

It can also happen if the client has a browser extension installed which messes with the HTML before React loaded.

%s%s https://react.dev/link/hydration-mismatch 

  ...
    <MenuProvider scope={{Menu:[...], ...}} open={false} onOpenChange={function useCallbackRef.useMemo} content={null} ...>
      <MenuProvider scope={{Menu:[...], ...}} onClose={function Menu.useCallback} isUsingKeyboardRef={{current:false}} ...>
        <DropdownMenuTrigger asChild={true}>
          <DropdownMenuTrigger data-slot="dropdown-m..." asChild={true}>
            <MenuAnchor asChild={true} __scopeMenu={{Menu:[...], ...}}>
              <PopperAnchor __scopePopper={{Menu:[...], ...}} asChild={true} ref={null}>
                <Primitive.div asChild={true} ref={function}>
                  <Primitive.div.Slot ref={function}>
                    <Primitive.div.SlotClone ref={function}>
                      <Primitive.button type="button" id="radix-_R_j..." aria-haspopup="menu" aria-expanded={false} ...>
                        <Primitive.button.Slot type="button" id="radix-_R_j..." aria-haspopup="menu" ...>
                          <Primitive.button.SlotClone type="button" id="radix-_R_j..." aria-haspopup="menu" ...>
                            <button
                              type="button"
                              className="mt-2 flex w-full items-center gap-3 rounded-lg p-2 text-left hover:bg-accent ..."
+                             id="radix-_R_jilritmlb_"
-                             id="radix-_R_2eclritmlb_"
                              aria-haspopup="menu"
                              aria-expanded={false}
                              aria-controls={undefined}
                              data-state="closed"
                              data-disabled={undefined}
                              disabled={false}
                              data-slot="dropdown-menu-trigger"
                              onPointerDown={function handleEvent}
                              onKeyDown={function handleEvent}
                              ref={function}
                            >
        ...
 @ http://localhost:3000/_next/static/chunks/node_modules_next_dist_f3530cac._.js:3127
